#
# There is insufficient memory for the Java Runtime Environment to continue.
# Native memory allocation (malloc) failed to allocate 1062256 bytes for Chunk::new
# Possible reasons:
#   The system is out of physical RAM or swap space
#   In 32 bit mode, the process size limit was hit
# Possible solutions:
#   Reduce memory load on the system
#   Increase physical memory or swap space
#   Check if swap backing store is full
#   Use 64 bit Java on a 64 bit OS
#   Decrease Java heap size (-Xmx/-Xms)
#   Decrease number of Java threads
#   Decrease Java thread stack sizes (-Xss)
#   Set larger code cache with -XX:ReservedCodeCacheSize=
# This output file may be truncated or incomplete.
#
#  Out of Memory Error (allocation.cpp:390), pid=2040, tid=0x00000000000009d4
#
# JRE version: OpenJDK Runtime Environment (8.0_152-b02) (build 1.8.0_152-release-1024-b02)
# Java VM: OpenJDK 64-Bit Server VM (25.152-b02 mixed mode windows-amd64 compressed oops)
# Failed to write core dump. Minidumps are not enabled by default on client versions of Windows
#

---------------  T H R E A D  ---------------

Current thread (0x0000000016f2a000):  JavaThread "C2 CompilerThread2" daemon [_thread_in_native, id=2516, stack(0x00000000197e0000,0x00000000198e0000)]

Stack: [0x00000000197e0000,0x00000000198e0000]
[error occurred during error reporting (printing stack bounds), id 0xc0000005]

Native frames: (J=compiled Java code, j=interpreted, Vv=VM code, C=native code)


Current CompileTask:
C2:   6568 4119   !   4       com.sun.beans.TypeResolver::resolve (274 bytes)


---------------  P R O C E S S  ---------------

Java Threads: ( => current thread )
  0x000000001e431000 JavaThread "Memory manager" [_thread_blocked, id=9248, stack(0x0000000023740000,0x0000000023840000)]
  0x000000001e430000 JavaThread "pool-1-thread-1" [_thread_blocked, id=3692, stack(0x0000000023640000,0x0000000023740000)]
  0x000000001e431800 JavaThread "build operations Thread 8" [_thread_blocked, id=9392, stack(0x0000000022e30000,0x0000000022f30000)]
  0x000000001e42c800 JavaThread "build operations Thread 7" [_thread_blocked, id=16740, stack(0x0000000022d30000,0x0000000022e30000)]
  0x000000001e42f800 JavaThread "build operations Thread 6" [_thread_blocked, id=4812, stack(0x0000000022c30000,0x0000000022d30000)]
  0x000000001e42d000 JavaThread "build operations Thread 5" [_thread_blocked, id=10396, stack(0x0000000022b30000,0x0000000022c30000)]
  0x000000001e42e000 JavaThread "build operations Thread 4" [_thread_blocked, id=17152, stack(0x0000000022a30000,0x0000000022b30000)]
  0x000000001e432800 JavaThread "build operations Thread 3" [_thread_blocked, id=504, stack(0x0000000022930000,0x0000000022a30000)]
  0x0000000018e30000 JavaThread "build operations Thread 2" [_thread_blocked, id=6132, stack(0x0000000021600000,0x0000000021700000)]
  0x0000000018e2e000 JavaThread "build operations" [_thread_blocked, id=11924, stack(0x0000000021500000,0x0000000021600000)]
  0x0000000018e31800 JavaThread "Cache worker for Artifact transforms cache (C:\Users\Abhishek\.gradle\caches\transforms-1)" [_thread_blocked, id=14176, stack(0x0000000021000000,0x0000000021100000)]
  0x000000001cd12800 JavaThread "Cache worker for file hash cache (C:\Users\Abhishek\AndroidStudioProjects\NewProjectLearning\.gradle\4.4\fileHashes)" [_thread_blocked, id=7272, stack(0x000000001d900000,0x000000001da00000)]
  0x000000001ae72000 JavaThread "File lock request listener" [_thread_in_native, id=13972, stack(0x000000001c830000,0x000000001c930000)]
  0x000000001af31800 JavaThread "Cache worker for file hash cache (C:\Users\Abhishek\.gradle\caches\4.4\fileHashes)" [_thread_blocked, id=8628, stack(0x000000001c730000,0x000000001c830000)]
  0x000000001ae2d800 JavaThread "Stdin handler" [_thread_blocked, id=12012, stack(0x000000001c430000,0x000000001c530000)]
  0x000000001ae28800 JavaThread "Asynchronous log dispatcher for DefaultDaemonConnection: socket connection from /127.0.0.1:49651 to /127.0.0.1:49652" [_thread_blocked, id=9068, stack(0x000000001c230000,0x000000001c330000)]
  0x000000001ae2f000 JavaThread "Daemon worker" [_thread_in_vm, id=12344, stack(0x000000001c130000,0x000000001c230000)]
  0x000000001aef4000 JavaThread "Cancel handler" [_thread_blocked, id=7300, stack(0x000000001c030000,0x000000001c130000)]
  0x000000001ad4b800 JavaThread "Handler for socket connection from /127.0.0.1:49651 to /127.0.0.1:49652" [_thread_in_native, id=8124, stack(0x000000001bd30000,0x000000001be30000)]
  0x000000001ad4a800 JavaThread "Daemon" [_thread_blocked, id=10532, stack(0x000000001bc30000,0x000000001bd30000)]
  0x000000001ad33000 JavaThread "Daemon periodic checks" [_thread_blocked, id=16584, stack(0x000000001bb30000,0x000000001bc30000)]
  0x000000001adf7800 JavaThread "Incoming local TCP Connector on port 49651" [_thread_in_native, id=13228, stack(0x000000001b8f0000,0x000000001b9f0000)]
  0x0000000018eb3000 JavaThread "Service Thread" daemon [_thread_blocked, id=11468, stack(0x00000000199e0000,0x0000000019ae0000)]
  0x0000000018e2c800 JavaThread "C1 CompilerThread3" daemon [_thread_blocked, id=14600, stack(0x00000000198e0000,0x00000000199e0000)]
=>0x0000000016f2a000 JavaThread "C2 CompilerThread2" daemon [_thread_in_native, id=2516, stack(0x00000000197e0000,0x00000000198e0000)]
  0x0000000018e20800 JavaThread "C2 CompilerThread1" daemon [_thread_blocked, id=7880, stack(0x00000000196e0000,0x00000000197e0000)]
  0x0000000018e1d800 JavaThread "C2 CompilerThread0" daemon [_thread_in_native, id=2916, stack(0x00000000195e0000,0x00000000196e0000)]
  0x0000000018e19000 JavaThread "Attach Listener" daemon [_thread_blocked, id=11892, stack(0x00000000194e0000,0x00000000195e0000)]
  0x0000000018e18000 JavaThread "Signal Dispatcher" daemon [_thread_blocked, id=3136, stack(0x00000000193e0000,0x00000000194e0000)]
  0x0000000018e10800 JavaThread "Finalizer" daemon [_thread_blocked, id=1844, stack(0x00000000191f0000,0x00000000192f0000)]
  0x0000000003158800 JavaThread "Reference Handler" daemon [_thread_blocked, id=16592, stack(0x0000000018cf0000,0x0000000018df0000)]
  0x000000000121e000 JavaThread "main" [_thread_blocked, id=12256, stack(0x0000000002f60000,0x0000000003060000)]

Other Threads:
  0x0000000016f15800 VMThread [stack: 0x0000000018bf0000,0x0000000018cf0000] [id=6844]
  0x0000000018eb4000 WatcherThread [stack: 0x0000000019ae0000,0x0000000019be0000] [id=17044]

VM state:not at safepoint (normal execution)

VM Mutex/Monitor currently owned by a thread: None

Heap:
 PSYoungGen      total 110592K, used 35541K [0x00000000e0000000, 0x00000000e7a00000, 0x0000000100000000)
  eden space 97792K, 24% used [0x00000000e0000000,0x00000000e17b8eb8,0x00000000e5f80000)
  from space 12800K, 87% used [0x00000000e5f80000,0x00000000e6a7c8c0,0x00000000e6c00000)
  to   space 12288K, 0% used [0x00000000e6c00000,0x00000000e6c00000,0x00000000e7800000)
 ParOldGen       total 168960K, used 17856K [0x00000000a0000000, 0x00000000aa500000, 0x00000000e0000000)
  object space 168960K, 10% used [0x00000000a0000000,0x00000000a1170268,0x00000000aa500000)
 Metaspace       used 42910K, capacity 43928K, committed 44160K, reserved 1087488K
  class space    used 5912K, capacity 6200K, committed 6272K, reserved 1048576K

Card table byte_map: [0x0000000012520000,0x0000000012830000] byte_map_base: 0x0000000012020000

Marking Bits: (ParMarkBitMap*) 0x0000000065a14970
 Begin Bits: [0x0000000013230000, 0x0000000014a30000)
 End Bits:   [0x0000000014a30000, 0x0000000016230000)

Polling page: 0x0000000001220000

CodeCache: size=245760Kb used=13627Kb max_used=13634Kb free=232133Kb
 bounds [0x0000000003160000, 0x0000000003ec0000, 0x0000000012160000]
 total_blobs=4531 nmethods=3813 adapters=631
 compilation: enabled

Compilation events (10 events):
Event: 6.515 Thread 0x0000000018e2c800 nmethod 4212 0x0000000003ea9290 code [0x0000000003ea9400, 0x0000000003ea9828]
Event: 6.515 Thread 0x0000000018e2c800 4213       3       java.util.logging.LogManager::access$100 (4 bytes)
Event: 6.515 Thread 0x0000000018e2c800 nmethod 4213 0x0000000003ea8f90 code [0x0000000003ea90e0, 0x0000000003ea9210]
Event: 6.547 Thread 0x0000000018e2c800 4215       3       sun.misc.ProxyGenerator$MethodInfo::write (283 bytes)
Event: 6.551 Thread 0x0000000018e2c800 nmethod 4215 0x0000000003ead210 code [0x0000000003ead880, 0x0000000003eb2708]
Event: 6.551 Thread 0x0000000018e2c800 4216  s    3       java.io.ByteArrayOutputStream::writeTo (14 bytes)
Event: 6.551 Thread 0x0000000018e2c800 nmethod 4216 0x0000000003ea85d0 code [0x0000000003ea8740, 0x0000000003ea8ac8]
Event: 6.554 Thread 0x0000000018e20800 nmethod 4209 0x0000000003eb7f50 code [0x0000000003eb8280, 0x0000000003eba0a0]
Event: 6.555 Thread 0x0000000018e2c800 4217       3       sun.misc.ProxyGenerator::addProxyMethod (234 bytes)
Event: 6.557 Thread 0x0000000018e2c800 nmethod 4217 0x0000000003ea5750 code [0x0000000003ea5a80, 0x0000000003ea77e8]

GC Heap History (10 events):
Event: 3.758 GC heap before
{Heap before GC invocations=5 (full 1):
 PSYoungGen      total 76288K, used 65536K [0x00000000e0000000, 0x00000000e5500000, 0x0000000100000000)
  eden space 65536K, 100% used [0x00000000e0000000,0x00000000e4000000,0x00000000e4000000)
  from space 10752K, 0% used [0x00000000e4000000,0x00000000e4000000,0x00000000e4a80000)
  to   space 10752K, 0% used [0x00000000e4a80000,0x00000000e4a80000,0x00000000e5500000)
 ParOldGen       total 104448K, used 8472K [0x00000000a0000000, 0x00000000a6600000, 0x00000000e0000000)
  object space 104448K, 8% used [0x00000000a0000000,0x00000000a0846050,0x00000000a6600000)
 Metaspace       used 26032K, capacity 26528K, committed 26624K, reserved 1073152K
  class space    used 3631K, capacity 3805K, committed 3840K, reserved 1048576K
Event: 3.763 GC heap after
Heap after GC invocations=5 (full 1):
 PSYoungGen      total 76288K, used 6841K [0x00000000e0000000, 0x00000000e7600000, 0x0000000100000000)
  eden space 65536K, 0% used [0x00000000e0000000,0x00000000e0000000,0x00000000e4000000)
  from space 10752K, 63% used [0x00000000e4a80000,0x00000000e512e6e8,0x00000000e5500000)
  to   space 10752K, 0% used [0x00000000e4000000,0x00000000e4000000,0x00000000e4a80000)
 ParOldGen       total 104448K, used 8480K [0x00000000a0000000, 0x00000000a6600000, 0x00000000e0000000)
  object space 104448K, 8% used [0x00000000a0000000,0x00000000a0848050,0x00000000a6600000)
 Metaspace       used 26032K, capacity 26528K, committed 26624K, reserved 1073152K
  class space    used 3631K, capacity 3805K, committed 3840K, reserved 1048576K
}
Event: 4.528 GC heap before
{Heap before GC invocations=6 (full 1):
 PSYoungGen      total 76288K, used 72377K [0x00000000e0000000, 0x00000000e7600000, 0x0000000100000000)
  eden space 65536K, 100% used [0x00000000e0000000,0x00000000e4000000,0x00000000e4000000)
  from space 10752K, 63% used [0x00000000e4a80000,0x00000000e512e6e8,0x00000000e5500000)
  to   space 10752K, 0% used [0x00000000e4000000,0x00000000e4000000,0x00000000e4a80000)
 ParOldGen       total 104448K, used 8480K [0x00000000a0000000, 0x00000000a6600000, 0x00000000e0000000)
  object space 104448K, 8% used [0x00000000a0000000,0x00000000a0848050,0x00000000a6600000)
 Metaspace       used 30245K, capacity 30896K, committed 31104K, reserved 1075200K
  class space    used 4248K, capacity 4449K, committed 4480K, reserved 1048576K
Event: 4.534 GC heap after
Heap after GC invocations=6 (full 1):
 PSYoungGen      total 76288K, used 10249K [0x00000000e0000000, 0x00000000e7800000, 0x0000000100000000)
  eden space 65536K, 0% used [0x00000000e0000000,0x00000000e0000000,0x00000000e4000000)
  from space 10752K, 95% used [0x00000000e4000000,0x00000000e4a026c0,0x00000000e4a80000)
  to   space 12288K, 0% used [0x00000000e6c00000,0x00000000e6c00000,0x00000000e7800000)
 ParOldGen       total 104448K, used 8488K [0x00000000a0000000, 0x00000000a6600000, 0x00000000e0000000)
  object space 104448K, 8% used [0x00000000a0000000,0x00000000a084a050,0x00000000a6600000)
 Metaspace       used 30245K, capacity 30896K, committed 31104K, reserved 1075200K
  class space    used 4248K, capacity 4449K, committed 4480K, reserved 1048576K
}
Event: 5.226 GC heap before
{Heap before GC invocations=7 (full 1):
 PSYoungGen      total 76288K, used 45210K [0x00000000e0000000, 0x00000000e7800000, 0x0000000100000000)
  eden space 65536K, 53% used [0x00000000e0000000,0x00000000e2224388,0x00000000e4000000)
  from space 10752K, 95% used [0x00000000e4000000,0x00000000e4a026c0,0x00000000e4a80000)
  to   space 12288K, 0% used [0x00000000e6c00000,0x00000000e6c00000,0x00000000e7800000)
 ParOldGen       total 104448K, used 8488K [0x00000000a0000000, 0x00000000a6600000, 0x00000000e0000000)
  object space 104448K, 8% used [0x00000000a0000000,0x00000000a084a050,0x00000000a6600000)
 Metaspace       used 34598K, capacity 35314K, committed 35416K, reserved 1079296K
  class space    used 4836K, capacity 5096K, committed 5120K, reserved 1048576K
Event: 5.236 GC heap after
Heap after GC invocations=7 (full 1):
 PSYoungGen      total 110080K, used 11299K [0x00000000e0000000, 0x00000000e7a00000, 0x0000000100000000)
  eden space 97792K, 0% used [0x00000000e0000000,0x00000000e0000000,0x00000000e5f80000)
  from space 12288K, 91% used [0x00000000e6c00000,0x00000000e7708f88,0x00000000e7800000)
  to   space 12800K, 0% used [0x00000000e5f80000,0x00000000e5f80000,0x00000000e6c00000)
 ParOldGen       total 104448K, used 8496K [0x00000000a0000000, 0x00000000a6600000, 0x00000000e0000000)
  object space 104448K, 8% used [0x00000000a0000000,0x00000000a084c050,0x00000000a6600000)
 Metaspace       used 34598K, capacity 35314K, committed 35416K, reserved 1079296K
  class space    used 4836K, capacity 5096K, committed 5120K, reserved 1048576K
}
Event: 5.236 GC heap before
{Heap before GC invocations=8 (full 2):
 PSYoungGen      total 110080K, used 11299K [0x00000000e0000000, 0x00000000e7a00000, 0x0000000100000000)
  eden space 97792K, 0% used [0x00000000e0000000,0x00000000e0000000,0x00000000e5f80000)
  from space 12288K, 91% used [0x00000000e6c00000,0x00000000e7708f88,0x00000000e7800000)
  to   space 12800K, 0% used [0x00000000e5f80000,0x00000000e5f80000,0x00000000e6c00000)
 ParOldGen       total 104448K, used 8496K [0x00000000a0000000, 0x00000000a6600000, 0x00000000e0000000)
  object space 104448K, 8% used [0x00000000a0000000,0x00000000a084c050,0x00000000a6600000)
 Metaspace       used 34598K, capacity 35314K, committed 35416K, reserved 1079296K
  class space    used 4836K, capacity 5096K, committed 5120K, reserved 1048576K
Event: 5.284 GC heap after
Heap after GC invocations=8 (full 2):
 PSYoungGen      total 110080K, used 0K [0x00000000e0000000, 0x00000000e7a00000, 0x0000000100000000)
  eden space 97792K, 0% used [0x00000000e0000000,0x00000000e0000000,0x00000000e5f80000)
  from space 12288K, 0% used [0x00000000e6c00000,0x00000000e6c00000,0x00000000e7800000)
  to   space 12800K, 0% used [0x00000000e5f80000,0x00000000e5f80000,0x00000000e6c00000)
 ParOldGen       total 168960K, used 17848K [0x00000000a0000000, 0x00000000aa500000, 0x00000000e0000000)
  object space 168960K, 10% used [0x00000000a0000000,0x00000000a116e268,0x00000000aa500000)
 Metaspace       used 34598K, capacity 35314K, committed 35416K, reserved 1079296K
  class space    used 4836K, capacity 5096K, committed 5120K, reserved 1048576K
}
Event: 6.250 GC heap before
{Heap before GC invocations=9 (full 2):
 PSYoungGen      total 110080K, used 97792K [0x00000000e0000000, 0x00000000e7a00000, 0x0000000100000000)
  eden space 97792K, 100% used [0x00000000e0000000,0x00000000e5f80000,0x00000000e5f80000)
  from space 12288K, 0% used [0x00000000e6c00000,0x00000000e6c00000,0x00000000e7800000)
  to   space 12800K, 0% used [0x00000000e5f80000,0x00000000e5f80000,0x00000000e6c00000)
 ParOldGen       total 168960K, used 17848K [0x00000000a0000000, 0x00000000aa500000, 0x00000000e0000000)
  object space 168960K, 10% used [0x00000000a0000000,0x00000000a116e268,0x00000000aa500000)
 Metaspace       used 40975K, capacity 41894K, committed 41984K, reserved 1085440K
  class space    used 5614K, capacity 5870K, committed 5888K, reserved 1048576K
Event: 6.262 GC heap after
Heap after GC invocations=9 (full 2):
 PSYoungGen      total 110592K, used 11250K [0x00000000e0000000, 0x00000000e7a00000, 0x0000000100000000)
  eden space 97792K, 0% used [0x00000000e0000000,0x00000000e0000000,0x00000000e5f80000)
  from space 12800K, 87% used [0x00000000e5f80000,0x00000000e6a7c8c0,0x00000000e6c00000)
  to   space 12288K, 0% used [0x00000000e6c00000,0x00000000e6c00000,0x00000000e7800000)
 ParOldGen       total 168960K, used 17856K [0x00000000a0000000, 0x00000000aa500000, 0x00000000e0000000)
  object space 168960K, 10% used [0x00000000a0000000,0x00000000a1170268,0x00000000aa500000)
 Metaspace       used 40975K, capacity 41894K, committed 41984K, reserved 1085440K
  class space    used 5614K, capacity 5870K, committed 5888K, reserved 1048576K
}

Deoptimization events (10 events):
Event: 5.788 Thread 0x000000001ae2f000 Uncommon trap: reason=unstable_if action=reinterpret pc=0x000000000328c6e0 method=java.lang.ThreadLocal.get()Ljava/lang/Object; @ 11
Event: 5.816 Thread 0x000000001ae2f000 Uncommon trap: reason=unstable_if action=reinterpret pc=0x00000000035e44bc method=java.lang.CharacterDataLatin1.isWhitespace(I)Z @ 14
Event: 5.855 Thread 0x000000001ae2f000 Uncommon trap: reason=unstable_if action=reinterpret pc=0x00000000033b9844 method=java.util.jar.JarFile.getInputStream(Ljava/util/zip/ZipEntry;)Ljava/io/InputStream; @ 37
Event: 5.856 Thread 0x000000001ae2f000 Uncommon trap: reason=unstable_if action=reinterpret pc=0x00000000039352c8 method=java.util.jar.JarFile$JarFileEntry.getCodeSigners()[Ljava/security/CodeSigner; @ 24
Event: 5.856 Thread 0x000000001ae2f000 Uncommon trap: reason=unstable_if action=reinterpret pc=0x0000000003483870 method=java.security.CodeSource.<init>(Ljava/net/URL;[Ljava/security/CodeSigner;)V @ 25
Event: 5.857 Thread 0x000000001ae2f000 Uncommon trap: reason=unstable_if action=reinterpret pc=0x00000000036a8b6c method=java.security.CodeSource.getCertificates()[Ljava/security/cert/Certificate; @ 22
Event: 5.857 Thread 0x000000001ae2f000 Uncommon trap: reason=unstable_if action=reinterpret pc=0x00000000034003e8 method=java.security.CodeSource.matchCerts(Ljava/security/CodeSource;Z)Z @ 11
Event: 5.874 Thread 0x000000001ae2f000 Uncommon trap: reason=unstable_if action=reinterpret pc=0x00000000038a98b4 method=java.util.LinkedHashMap.get(Ljava/lang/Object;)Ljava/lang/Object; @ 20
Event: 5.908 Thread 0x000000001ae2f000 Uncommon trap: reason=unstable_if action=reinterpret pc=0x0000000003bebdbc method=java.security.CodeSource.matchCerts(Ljava/security/CodeSource;Z)Z @ 11
Event: 6.286 Thread 0x000000001ae2f000 Uncommon trap: reason=null_check action=make_not_entrant pc=0x0000000003d814c0 method=java.lang.ThreadLocal$ThreadLocalMap.getEntryAfterMiss(Ljava/lang/ThreadLocal;ILjava/lang/ThreadLocal$ThreadLocalMap$Entry;)Ljava/lang/ThreadLocal$ThreadLocalMap$Entry; 

Classes redefined (0 events):
No events

Internal exceptions (10 events):
Event: 6.465 Thread 0x000000001ae2f000 Exception <a 'sun/nio/fs/WindowsException'> (0x00000000e0e66360) thrown at [D:\src\AOSP-openjdk-cygwin\jdk8u\hotspot\src\share\vm\prims\jni.cpp, line 709]
Event: 6.465 Thread 0x000000001ae2f000 Exception <a 'sun/nio/fs/WindowsException'> (0x00000000e0e66fd8) thrown at [D:\src\AOSP-openjdk-cygwin\jdk8u\hotspot\src\share\vm\prims\jni.cpp, line 709]
Event: 6.465 Thread 0x000000001ae2f000 Exception <a 'sun/nio/fs/WindowsException'> (0x00000000e0e68c90) thrown at [D:\src\AOSP-openjdk-cygwin\jdk8u\hotspot\src\share\vm\prims\jni.cpp, line 709]
Event: 6.465 Thread 0x000000001ae2f000 Exception <a 'sun/nio/fs/WindowsException'> (0x00000000e0e69940) thrown at [D:\src\AOSP-openjdk-cygwin\jdk8u\hotspot\src\share\vm\prims\jni.cpp, line 709]
Event: 6.465 Thread 0x000000001ae2f000 Exception <a 'sun/nio/fs/WindowsException'> (0x00000000e0e6c4d8) thrown at [D:\src\AOSP-openjdk-cygwin\jdk8u\hotspot\src\share\vm\prims\jni.cpp, line 709]
Event: 6.465 Thread 0x000000001ae2f000 Exception <a 'sun/nio/fs/WindowsException'> (0x00000000e0e6d1b0) thrown at [D:\src\AOSP-openjdk-cygwin\jdk8u\hotspot\src\share\vm\prims\jni.cpp, line 709]
Event: 6.465 Thread 0x000000001ae2f000 Exception <a 'sun/nio/fs/WindowsException'> (0x00000000e0e6eeb8) thrown at [D:\src\AOSP-openjdk-cygwin\jdk8u\hotspot\src\share\vm\prims\jni.cpp, line 709]
Event: 6.465 Thread 0x000000001ae2f000 Exception <a 'sun/nio/fs/WindowsException'> (0x00000000e0e6fbd0) thrown at [D:\src\AOSP-openjdk-cygwin\jdk8u\hotspot\src\share\vm\prims\jni.cpp, line 709]
Event: 6.470 Thread 0x000000001ae2f000 Exception <a 'java/lang/ClassNotFoundException': com/sun/org/glassfish/hk2/osgiresourcelocator/ServiceLoader> (0x00000000e0ec5338) thrown at [D:\src\AOSP-openjdk-cygwin\jdk8u\hotspot\src\share\vm\classfile\systemDictionary.cpp, line 210]
Event: 6.512 Thread 0x000000001ae2f000 Exception <a 'java/lang/NullPointerException'> (0x00000000e132fa70) thrown at [D:\src\AOSP-openjdk-cygwin\jdk8u\hotspot\src\share\vm\interpreter\linkResolver.cpp, line 1301]

Events (10 events):
Event: 6.563 loading class com/sun/xml/bind/v2/model/impl/ClassInfoImpl$DuplicateException
Event: 6.563 loading class com/sun/xml/bind/v2/model/impl/ClassInfoImpl$DuplicateException done
Event: 6.564 loading class com/sun/xml/bind/v2/model/impl/PropertySeed
Event: 6.564 loading class com/sun/xml/bind/v2/model/impl/PropertySeed done
Event: 6.565 loading class com/sun/xml/bind/v2/model/annotation/AnnotationSource
Event: 6.565 loading class com/sun/xml/bind/v2/model/annotation/AnnotationSource done
Event: 6.565 loading class com/sun/xml/bind/v2/model/impl/PropertyInfoImpl
Event: 6.565 loading class com/sun/xml/bind/v2/model/impl/PropertyInfoImpl done
Event: 6.566 loading class com/sun/xml/bind/v2/model/core/PropertyInfo
Event: 6.566 loading class com/sun/xml/bind/v2/model/core/PropertyInfo done


Dynamic libraries:
0x00007ff6d5280000 - 0x00007ff6d52b1000 	C:\Program Files\Android\Android Studio\jre\bin\java.exe
0x00007ffef6c30000 - 0x00007ffef6e11000 	C:\WINDOWS\SYSTEM32\ntdll.dll
0x00007ffef6210000 - 0x00007ffef62c2000 	C:\WINDOWS\System32\KERNEL32.DLL
0x00007ffef3d40000 - 0x00007ffef3fb3000 	C:\WINDOWS\System32\KERNELBASE.dll
0x00007ffef68c0000 - 0x00007ffef6961000 	C:\WINDOWS\System32\ADVAPI32.dll
0x00007ffef69d0000 - 0x00007ffef6a6e000 	C:\WINDOWS\System32\msvcrt.dll
0x00007ffef6030000 - 0x00007ffef608b000 	C:\WINDOWS\System32\sechost.dll
0x00007ffef44d0000 - 0x00007ffef45f4000 	C:\WINDOWS\System32\RPCRT4.dll
0x00007ffef6a70000 - 0x00007ffef6c00000 	C:\WINDOWS\System32\USER32.dll
0x00007ffef3ba0000 - 0x00007ffef3bc0000 	C:\WINDOWS\System32\win32u.dll
0x00007ffef49d0000 - 0x00007ffef49f8000 	C:\WINDOWS\System32\GDI32.dll
0x00007ffef3000000 - 0x00007ffef3192000 	C:\WINDOWS\System32\gdi32full.dll
0x00007ffef33f0000 - 0x00007ffef348f000 	C:\WINDOWS\System32\msvcp_win.dll
0x00007ffef3fc0000 - 0x00007ffef40ba000 	C:\WINDOWS\System32\ucrtbase.dll
0x00007ffee4a50000 - 0x00007ffee4cb9000 	C:\WINDOWS\WinSxS\amd64_microsoft.windows.common-controls_6595b64144ccf1df_6.0.17134.345_none_fb429a5930656358\COMCTL32.dll
0x00007ffef40c0000 - 0x00007ffef43e3000 	C:\WINDOWS\System32\combase.dll
0x00007ffef3cc0000 - 0x00007ffef3d3a000 	C:\WINDOWS\System32\bcryptPrimitives.dll
0x00007ffef4ac0000 - 0x00007ffef4aed000 	C:\WINDOWS\System32\IMM32.DLL
0x0000000066280000 - 0x0000000066352000 	C:\Program Files\Android\Android Studio\jre\jre\bin\msvcr100.dll
0x0000000065250000 - 0x0000000065a8f000 	C:\Program Files\Android\Android Studio\jre\jre\bin\server\jvm.dll
0x00007ffef5fa0000 - 0x00007ffef5fa8000 	C:\WINDOWS\System32\PSAPI.DLL
0x00007ffee89f0000 - 0x00007ffee89f9000 	C:\WINDOWS\SYSTEM32\WSOCK32.dll
0x00007ffef5f30000 - 0x00007ffef5f9c000 	C:\WINDOWS\System32\WS2_32.dll
0x00007ffee8180000 - 0x00007ffee818a000 	C:\WINDOWS\SYSTEM32\VERSION.dll
0x00007ffeecae0000 - 0x00007ffeecb03000 	C:\WINDOWS\SYSTEM32\WINMM.dll
0x00007ffeecab0000 - 0x00007ffeecada000 	C:\WINDOWS\SYSTEM32\winmmbase.dll
0x00007ffef3bc0000 - 0x00007ffef3c09000 	C:\WINDOWS\System32\cfgmgr32.dll
0x00007ffee7e60000 - 0x00007ffee7e6f000 	C:\Program Files\Android\Android Studio\jre\jre\bin\verify.dll
0x00007ffee61d0000 - 0x00007ffee61f9000 	C:\Program Files\Android\Android Studio\jre\jre\bin\java.dll
0x00007ffee7e40000 - 0x00007ffee7e56000 	C:\Program Files\Android\Android Studio\jre\jre\bin\zip.dll
0x00007ffef4af0000 - 0x00007ffef5f2f000 	C:\WINDOWS\System32\SHELL32.dll
0x00007ffef62d0000 - 0x00007ffef6379000 	C:\WINDOWS\System32\shcore.dll
0x00007ffef3490000 - 0x00007ffef3b9d000 	C:\WINDOWS\System32\windows.storage.dll
0x00007ffef6970000 - 0x00007ffef69c1000 	C:\WINDOWS\System32\shlwapi.dll
0x00007ffef2fe0000 - 0x00007ffef2ff1000 	C:\WINDOWS\System32\kernel.appcore.dll
0x00007ffef2f40000 - 0x00007ffef2f5f000 	C:\WINDOWS\System32\profapi.dll
0x00007ffef2f70000 - 0x00007ffef2fbc000 	C:\WINDOWS\System32\powrprof.dll
0x00007ffef2f60000 - 0x00007ffef2f6a000 	C:\WINDOWS\System32\FLTLIB.DLL
0x00007ffee6d40000 - 0x00007ffee6d5a000 	C:\Program Files\Android\Android Studio\jre\jre\bin\net.dll
0x00007ffef27c0000 - 0x00007ffef2826000 	C:\WINDOWS\system32\mswsock.dll
0x00007ffee3e40000 - 0x00007ffee3e51000 	C:\Program Files\Android\Android Studio\jre\jre\bin\nio.dll
0x00007ffee0ac0000 - 0x00007ffee0ade000 	C:\Users\Abhishek\.gradle\native\25\windows-amd64\native-platform.dll
0x00007ffee8b10000 - 0x00007ffee8b1d000 	C:\Program Files\Android\Android Studio\jre\jre\bin\management.dll
0x00007ffef2970000 - 0x00007ffef2987000 	C:\WINDOWS\SYSTEM32\CRYPTSP.dll
0x00007ffef23a0000 - 0x00007ffef23d3000 	C:\WINDOWS\system32\rsaenh.dll
0x00007ffef2aa0000 - 0x00007ffef2ac5000 	C:\WINDOWS\SYSTEM32\bcrypt.dll
0x00007ffef2e70000 - 0x00007ffef2e98000 	C:\WINDOWS\SYSTEM32\USERENV.dll
0x00007ffef2990000 - 0x00007ffef299b000 	C:\WINDOWS\SYSTEM32\CRYPTBASE.dll
0x00007ffef2540000 - 0x00007ffef2578000 	C:\WINDOWS\SYSTEM32\IPHLPAPI.DLL
0x00007ffef6010000 - 0x00007ffef6018000 	C:\WINDOWS\System32\NSI.dll
0x00007ffeea1b0000 - 0x00007ffeea1c6000 	C:\WINDOWS\SYSTEM32\dhcpcsvc6.DLL
0x00007ffeea150000 - 0x00007ffeea16a000 	C:\WINDOWS\SYSTEM32\dhcpcsvc.DLL

VM Arguments:
jvm_args: -Xmx1536m -Dfile.encoding=windows-1252 -Duser.country=US -Duser.language=en -Duser.variant 
java_command: org.gradle.launcher.daemon.bootstrap.GradleDaemon 4.4
java_class_path (initial): C:\Users\Abhishek\.gradle\wrapper\dists\gradle-4.4-all\9br9xq1tocpiv8o6njlyu5op1\gradle-4.4\lib\gradle-launcher-4.4.jar
Launcher Type: SUN_STANDARD

Environment Variables:
PATH=C:\Program Files\Java\jre7\bin;C:\Windows\system32;C:\Windows;C:\Windows\System32\Wbem;C:\Windows\System32\WindowsPowerShell\v1.0\;C:\Program Files (x86)\NVIDIA Corporation\PhysX\Common;C:\WINDOWS\system32;C:\WINDOWS;C:\WINDOWS\System32\Wbem;C:\WINDOWS\System32\WindowsPowerShell\v1.0\;C:\Program Files\Git\cmd;F:\Program Files (x86)\Brackets\command;C:\WINDOWS\System32\OpenSSH\;C:\flutter\bin;C:\Users\Abhishek\AppData\Local\Microsoft\WindowsApps;C:\Users\Abhishek\AppData\Local\Programs\Microsoft VS Code\bin;C:\Users\Abhishek\AppData\Local\atom\bin;C:\Users\Abhishek\AppData\Local\Android\Sdk\platform-tools;C:\Users\Abhishek\AppData\Local\Microsoft\WindowsApps
USERNAME=Abhishek
OS=Windows_NT
PROCESSOR_IDENTIFIER=Intel64 Family 6 Model 158 Stepping 9, GenuineIntel



---------------  S Y S T E M  ---------------

OS: Windows 10.0 , 64 bit Build 17134 (10.0.17134.1)

CPU:total 8 (initial active 8) (4 cores per cpu, 2 threads per core) family 6 model 158 stepping 9, cmov, cx8, fxsr, mmx, sse, sse2, sse3, ssse3, sse4.1, sse4.2, popcnt, avx, avx2, aes, clmul, erms, 3dnowpref, lzcnt, ht, tsc, tscinvbit, bmi1, bmi2, adx

Memory: 4k page, physical 16658020k(7526172k free), swap 32141280k(4168k free)

vm_info: OpenJDK 64-Bit Server VM (25.152-b02) for windows-amd64 JRE (1.8.0_152-release-1024-b02), built by "builder" with MS VC++ 10.0 (VS2010)

time: Tue Oct 30 01:17:19 2018
elapsed time: 6 seconds (0d 0h 0m 6s)

