#
# There is insufficient memory for the Java Runtime Environment to continue.
# Native memory allocation (malloc) failed to allocate 2069776 bytes for Chunk::new
# Possible reasons:
#   The system is out of physical RAM or swap space
#   In 32 bit mode, the process size limit was hit
# Possible solutions:
#   Reduce memory load on the system
#   Increase physical memory or swap space
#   Check if swap backing store is full
#   Use 64 bit Java on a 64 bit OS
#   Decrease Java heap size (-Xmx/-Xms)
#   Decrease number of Java threads
#   Decrease Java thread stack sizes (-Xss)
#   Set larger code cache with -XX:ReservedCodeCacheSize=
# This output file may be truncated or incomplete.
#
#  Out of Memory Error (allocation.cpp:390), pid=9236, tid=0x00000000000029ac
#
# JRE version: OpenJDK Runtime Environment (8.0_152-b01) (build 1.8.0_152-release-1248-b01)
# Java VM: OpenJDK 64-Bit Server VM (25.152-b01 mixed mode windows-amd64 compressed oops)
# Failed to write core dump. Minidumps are not enabled by default on client versions of Windows
#

---------------  T H R E A D  ---------------

Current thread (0x0000000018e6e000):  JavaThread "C2 CompilerThread0" daemon [_thread_in_native, id=10668, stack(0x0000000019630000,0x0000000019730000)]

Stack: [0x0000000019630000,0x0000000019730000]
[error occurred during error reporting (printing stack bounds), id 0xc0000005]

Native frames: (J=compiled Java code, j=interpreted, Vv=VM code, C=native code)


Current CompileTask:
C2:   8779 5807   !   4       com.sun.beans.TypeResolver::resolve (274 bytes)


---------------  P R O C E S S  ---------------

Java Threads: ( => current thread )
  0x000000001ddf7000 JavaThread "Memory manager" [_thread_blocked, id=11892, stack(0x0000000023790000,0x0000000023890000)]
  0x000000001ddf6000 JavaThread "pool-1-thread-1" [_thread_blocked, id=3644, stack(0x0000000023490000,0x0000000023590000)]
  0x000000001ddf5800 JavaThread "build operations Thread 8" [_thread_blocked, id=5772, stack(0x0000000023190000,0x0000000023290000)]
  0x000000001ddf8000 JavaThread "build operations Thread 7" [_thread_blocked, id=13252, stack(0x0000000023090000,0x0000000023190000)]
  0x000000001ddfb000 JavaThread "build operations Thread 6" [_thread_blocked, id=2016, stack(0x0000000022f90000,0x0000000023090000)]
  0x000000001af6f800 JavaThread "build operations Thread 5" [_thread_blocked, id=3704, stack(0x0000000022e90000,0x0000000022f90000)]
  0x000000001af6c000 JavaThread "build operations Thread 4" [_thread_blocked, id=2736, stack(0x0000000022990000,0x0000000022a90000)]
  0x000000001af6d800 JavaThread "build operations Thread 3" [_thread_blocked, id=12216, stack(0x0000000022890000,0x0000000022990000)]
  0x000000001af70800 JavaThread "build operations Thread 2" [_thread_blocked, id=8628, stack(0x0000000022790000,0x0000000022890000)]
  0x000000001af69800 JavaThread "build operations" [_thread_blocked, id=14852, stack(0x0000000022690000,0x0000000022790000)]
  0x000000001af6e000 JavaThread "Cache worker for Artifact transforms cache (C:\Users\Abhishek\.gradle\caches\transforms-1)" [_thread_blocked, id=14408, stack(0x00000000213c0000,0x00000000214c0000)]
  0x000000001afe2000 JavaThread "Cache worker for file hash cache (C:\Users\Abhishek\AndroidStudioProjects\NewProjectLearning\.gradle\4.4\fileHashes)" [_thread_blocked, id=17128, stack(0x000000001d950000,0x000000001da50000)]
  0x000000001af56000 JavaThread "File lock request listener" [_thread_in_native, id=3692, stack(0x000000001c880000,0x000000001c980000)]
  0x000000001af55800 JavaThread "Cache worker for file hash cache (C:\Users\Abhishek\.gradle\caches\4.4\fileHashes)" [_thread_blocked, id=15364, stack(0x000000001c780000,0x000000001c880000)]
  0x000000001aa0b800 JavaThread "Stdin handler" [_thread_blocked, id=11496, stack(0x000000001c480000,0x000000001c580000)]
  0x000000001aa13800 JavaThread "Asynchronous log dispatcher for DefaultDaemonConnection: socket connection from /127.0.0.1:64488 to /127.0.0.1:64489" [_thread_blocked, id=9784, stack(0x000000001c280000,0x000000001c380000)]
  0x000000001aa0e000 JavaThread "Daemon worker" [_thread_in_Java, id=10208, stack(0x000000001c180000,0x000000001c280000)]
  0x000000001a7e3000 JavaThread "Cancel handler" [_thread_blocked, id=10984, stack(0x000000001c080000,0x000000001c180000)]
  0x000000001a7d8000 JavaThread "Handler for socket connection from /127.0.0.1:64488 to /127.0.0.1:64489" [_thread_in_native, id=16376, stack(0x000000001bd80000,0x000000001be80000)]
  0x000000001ae0f000 JavaThread "Daemon" [_thread_blocked, id=6120, stack(0x000000001bc80000,0x000000001bd80000)]
  0x000000001adf1800 JavaThread "Daemon periodic checks" [_thread_blocked, id=16476, stack(0x000000001bb80000,0x000000001bc80000)]
  0x000000001a7e9000 JavaThread "Incoming local TCP Connector on port 64488" [_thread_in_native, id=8056, stack(0x000000001b940000,0x000000001ba40000)]
  0x0000000018f05800 JavaThread "Service Thread" daemon [_thread_blocked, id=11584, stack(0x0000000019a30000,0x0000000019b30000)]
  0x0000000018e7c800 JavaThread "C1 CompilerThread3" daemon [_thread_blocked, id=14044, stack(0x0000000019930000,0x0000000019a30000)]
  0x0000000018e79000 JavaThread "C2 CompilerThread2" daemon [_thread_in_native, id=6344, stack(0x0000000019830000,0x0000000019930000)]
  0x0000000018e71000 JavaThread "C2 CompilerThread1" daemon [_thread_in_native, id=17016, stack(0x0000000019730000,0x0000000019830000)]
=>0x0000000018e6e000 JavaThread "C2 CompilerThread0" daemon [_thread_in_native, id=10668, stack(0x0000000019630000,0x0000000019730000)]
  0x0000000018e69000 JavaThread "Attach Listener" daemon [_thread_blocked, id=13556, stack(0x0000000019530000,0x0000000019630000)]
  0x0000000018e68800 JavaThread "Signal Dispatcher" daemon [_thread_blocked, id=12456, stack(0x0000000019430000,0x0000000019530000)]
  0x0000000018e60800 JavaThread "Finalizer" daemon [_thread_blocked, id=9916, stack(0x0000000019240000,0x0000000019340000)]
  0x0000000016f6c800 JavaThread "Reference Handler" daemon [_thread_blocked, id=8748, stack(0x0000000018d40000,0x0000000018e40000)]
  0x0000000002f5e000 JavaThread "main" [_thread_blocked, id=15776, stack(0x0000000002fb0000,0x00000000030b0000)]

Other Threads:
  0x0000000016f68800 VMThread [stack: 0x0000000018c40000,0x0000000018d40000] [id=2960]
  0x0000000018f06800 WatcherThread [stack: 0x0000000019b30000,0x0000000019c30000] [id=15580]

VM state:not at safepoint (normal execution)

VM Mutex/Monitor currently owned by a thread: None

Heap:
 PSYoungGen      total 151040K, used 115882K [0x00000000e0000000, 0x00000000ea680000, 0x0000000100000000)
  eden space 137728K, 74% used [0x00000000e0000000,0x00000000e642e4b8,0x00000000e8680000)
  from space 13312K, 99% used [0x00000000e9580000,0x00000000ea27c610,0x00000000ea280000)
  to   space 15360K, 0% used [0x00000000e8680000,0x00000000e8680000,0x00000000e9580000)
 ParOldGen       total 173568K, used 20124K [0x00000000a0000000, 0x00000000aa980000, 0x00000000e0000000)
  object space 173568K, 11% used [0x00000000a0000000,0x00000000a13a73c8,0x00000000aa980000)
 Metaspace       used 56690K, capacity 58422K, committed 58624K, reserved 1099776K
  class space    used 7710K, capacity 8153K, committed 8192K, reserved 1048576K

Card table byte_map: [0x0000000012570000,0x0000000012880000] byte_map_base: 0x0000000012070000

Marking Bits: (ParMarkBitMap*) 0x00000000664b5aa0
 Begin Bits: [0x0000000013280000, 0x0000000014a80000)
 End Bits:   [0x0000000014a80000, 0x0000000016280000)

Polling page: 0x00000000015d0000

CodeCache: size=245760Kb used=20034Kb max_used=20034Kb free=225725Kb
 bounds [0x00000000031b0000, 0x0000000004550000, 0x00000000121b0000]
 total_blobs=6421 nmethods=5659 adapters=672
 compilation: enabled

Compilation events (10 events):
Event: 8.777 Thread 0x0000000018e7c800 nmethod 6078 0x0000000004545bd0 code [0x0000000004545d60, 0x0000000004546268]
Event: 8.777 Thread 0x0000000018e7c800 6075       1       org.gradle.api.internal.artifacts.DefaultComponentSelection::isRejected (5 bytes)
Event: 8.777 Thread 0x0000000018e7c800 nmethod 6075 0x0000000004546410 code [0x0000000004546560, 0x0000000004546670]
Event: 8.777 Thread 0x0000000018e7c800 6076       1       org.gradle.api.internal.artifacts.repositories.resolver.MavenResolver::getSupportedMetadataType (4 bytes)
Event: 8.778 Thread 0x0000000018e7c800 nmethod 6076 0x00000000045466d0 code [0x0000000004546820, 0x0000000004546930]
Event: 8.778 Thread 0x0000000018e7c800 6086       3       org.gradle.api.internal.artifacts.ivyservice.resolveengine.result.ComponentIdentifierSerializer$Implementation::access$000 (5 bytes)
Event: 8.778 Thread 0x0000000018e7c800 nmethod 6086 0x0000000004546990 code [0x0000000004546ae0, 0x0000000004546c30]
Event: 8.778 Thread 0x0000000018e7c800 6079       1       org.gradle.api.internal.artifacts.ivyservice.ivyresolve.CachingModuleComponentRepository::access$1200 (5 bytes)
Event: 8.778 Thread 0x0000000018e7c800 nmethod 6079 0x0000000004546cd0 code [0x0000000004546e20, 0x0000000004546f10]
Event: 8.778 Thread 0x0000000018e7c800 6080       1       org.gradle.internal.resource.cached.ivy.ArtifactAtRepositoryKey::getRepositoryId (5 bytes)

GC Heap History (10 events):
Event: 4.797 GC heap before
{Heap before GC invocations=6 (full 1):
 PSYoungGen      total 76288K, used 73292K [0x00000000e0000000, 0x00000000e7400000, 0x0000000100000000)
  eden space 65536K, 100% used [0x00000000e0000000,0x00000000e4000000,0x00000000e4000000)
  from space 10752K, 72% used [0x00000000e4a80000,0x00000000e5213040,0x00000000e5500000)
  to   space 10752K, 0% used [0x00000000e4000000,0x00000000e4000000,0x00000000e4a80000)
 ParOldGen       total 108032K, used 9167K [0x00000000a0000000, 0x00000000a6980000, 0x00000000e0000000)
  object space 108032K, 8% used [0x00000000a0000000,0x00000000a08f3c20,0x00000000a6980000)
 Metaspace       used 32359K, capacity 33056K, committed 33152K, reserved 1077248K
  class space    used 4425K, capacity 4676K, committed 4736K, reserved 1048576K
Event: 4.808 GC heap after
Heap after GC invocations=6 (full 1):
 PSYoungGen      total 76288K, used 10717K [0x00000000e0000000, 0x00000000e7800000, 0x0000000100000000)
  eden space 65536K, 0% used [0x00000000e0000000,0x00000000e0000000,0x00000000e4000000)
  from space 10752K, 99% used [0x00000000e4000000,0x00000000e4a77538,0x00000000e4a80000)
  to   space 12288K, 0% used [0x00000000e6c00000,0x00000000e6c00000,0x00000000e7800000)
 ParOldGen       total 108032K, used 9175K [0x00000000a0000000, 0x00000000a6980000, 0x00000000e0000000)
  object space 108032K, 8% used [0x00000000a0000000,0x00000000a08f5c20,0x00000000a6980000)
 Metaspace       used 32359K, capacity 33056K, committed 33152K, reserved 1077248K
  class space    used 4425K, capacity 4676K, committed 4736K, reserved 1048576K
}
Event: 5.447 GC heap before
{Heap before GC invocations=7 (full 1):
 PSYoungGen      total 76288K, used 54625K [0x00000000e0000000, 0x00000000e7800000, 0x0000000100000000)
  eden space 65536K, 66% used [0x00000000e0000000,0x00000000e2ae1228,0x00000000e4000000)
  from space 10752K, 99% used [0x00000000e4000000,0x00000000e4a77538,0x00000000e4a80000)
  to   space 12288K, 0% used [0x00000000e6c00000,0x00000000e6c00000,0x00000000e7800000)
 ParOldGen       total 108032K, used 9175K [0x00000000a0000000, 0x00000000a6980000, 0x00000000e0000000)
  object space 108032K, 8% used [0x00000000a0000000,0x00000000a08f5c20,0x00000000a6980000)
 Metaspace       used 34583K, capacity 35310K, committed 35416K, reserved 1079296K
  class space    used 4748K, capacity 5025K, committed 5120K, reserved 1048576K
Event: 5.455 GC heap after
Heap after GC invocations=7 (full 1):
 PSYoungGen      total 109568K, used 12031K [0x00000000e0000000, 0x00000000e7c00000, 0x0000000100000000)
  eden space 97280K, 0% used [0x00000000e0000000,0x00000000e0000000,0x00000000e5f00000)
  from space 12288K, 97% used [0x00000000e6c00000,0x00000000e77bfdf0,0x00000000e7800000)
  to   space 13312K, 0% used [0x00000000e5f00000,0x00000000e5f00000,0x00000000e6c00000)
 ParOldGen       total 108032K, used 9183K [0x00000000a0000000, 0x00000000a6980000, 0x00000000e0000000)
  object space 108032K, 8% used [0x00000000a0000000,0x00000000a08f7c20,0x00000000a6980000)
 Metaspace       used 34583K, capacity 35310K, committed 35416K, reserved 1079296K
  class space    used 4748K, capacity 5025K, committed 5120K, reserved 1048576K
}
Event: 5.456 GC heap before
{Heap before GC invocations=8 (full 2):
 PSYoungGen      total 109568K, used 12031K [0x00000000e0000000, 0x00000000e7c00000, 0x0000000100000000)
  eden space 97280K, 0% used [0x00000000e0000000,0x00000000e0000000,0x00000000e5f00000)
  from space 12288K, 97% used [0x00000000e6c00000,0x00000000e77bfdf0,0x00000000e7800000)
  to   space 13312K, 0% used [0x00000000e5f00000,0x00000000e5f00000,0x00000000e6c00000)
 ParOldGen       total 108032K, used 9183K [0x00000000a0000000, 0x00000000a6980000, 0x00000000e0000000)
  object space 108032K, 8% used [0x00000000a0000000,0x00000000a08f7c20,0x00000000a6980000)
 Metaspace       used 34583K, capacity 35310K, committed 35416K, reserved 1079296K
  class space    used 4748K, capacity 5025K, committed 5120K, reserved 1048576K
Event: 5.499 GC heap after
Heap after GC invocations=8 (full 2):
 PSYoungGen      total 109568K, used 0K [0x00000000e0000000, 0x00000000e7c00000, 0x0000000100000000)
  eden space 97280K, 0% used [0x00000000e0000000,0x00000000e0000000,0x00000000e5f00000)
  from space 12288K, 0% used [0x00000000e6c00000,0x00000000e6c00000,0x00000000e7800000)
  to   space 13312K, 0% used [0x00000000e5f00000,0x00000000e5f00000,0x00000000e6c00000)
 ParOldGen       total 173568K, used 18318K [0x00000000a0000000, 0x00000000aa980000, 0x00000000e0000000)
  object space 173568K, 10% used [0x00000000a0000000,0x00000000a11e38c8,0x00000000aa980000)
 Metaspace       used 34532K, capacity 35178K, committed 35416K, reserved 1079296K
  class space    used 4734K, capacity 4981K, committed 5120K, reserved 1048576K
}
Event: 6.382 GC heap before
{Heap before GC invocations=9 (full 2):
 PSYoungGen      total 109568K, used 97280K [0x00000000e0000000, 0x00000000e7c00000, 0x0000000100000000)
  eden space 97280K, 100% used [0x00000000e0000000,0x00000000e5f00000,0x00000000e5f00000)
  from space 12288K, 0% used [0x00000000e6c00000,0x00000000e6c00000,0x00000000e7800000)
  to   space 13312K, 0% used [0x00000000e5f00000,0x00000000e5f00000,0x00000000e6c00000)
 ParOldGen       total 173568K, used 18318K [0x00000000a0000000, 0x00000000aa980000, 0x00000000e0000000)
  object space 173568K, 10% used [0x00000000a0000000,0x00000000a11e38c8,0x00000000aa980000)
 Metaspace       used 42968K, capacity 43822K, committed 44032K, reserved 1087488K
  class space    used 5777K, capacity 6068K, committed 6144K, reserved 1048576K
Event: 6.392 GC heap after
Heap after GC invocations=9 (full 2):
 PSYoungGen      total 110592K, used 10807K [0x00000000e0000000, 0x00000000ea280000, 0x0000000100000000)
  eden space 97280K, 0% used [0x00000000e0000000,0x00000000e0000000,0x00000000e5f00000)
  from space 13312K, 81% used [0x00000000e5f00000,0x00000000e698dc90,0x00000000e6c00000)
  to   space 13312K, 0% used [0x00000000e9580000,0x00000000e9580000,0x00000000ea280000)
 ParOldGen       total 173568K, used 18326K [0x00000000a0000000, 0x00000000aa980000, 0x00000000e0000000)
  object space 173568K, 10% used [0x00000000a0000000,0x00000000a11e58c8,0x00000000aa980000)
 Metaspace       used 42968K, capacity 43822K, committed 44032K, reserved 1087488K
  class space    used 5777K, capacity 6068K, committed 6144K, reserved 1048576K
}
Event: 7.588 GC heap before
{Heap before GC invocations=10 (full 2):
 PSYoungGen      total 110592K, used 108087K [0x00000000e0000000, 0x00000000ea280000, 0x0000000100000000)
  eden space 97280K, 100% used [0x00000000e0000000,0x00000000e5f00000,0x00000000e5f00000)
  from space 13312K, 81% used [0x00000000e5f00000,0x00000000e698dc90,0x00000000e6c00000)
  to   space 13312K, 0% used [0x00000000e9580000,0x00000000e9580000,0x00000000ea280000)
 ParOldGen       total 173568K, used 18326K [0x00000000a0000000, 0x00000000aa980000, 0x00000000e0000000)
  object space 173568K, 10% used [0x00000000a0000000,0x00000000a11e58c8,0x00000000aa980000)
 Metaspace       used 50479K, capacity 51704K, committed 51968K, reserved 1093632K
  class space    used 6762K, capacity 7114K, committed 7168K, reserved 1048576K
Event: 7.600 GC heap after
Heap after GC invocations=10 (full 2):
 PSYoungGen      total 151040K, used 13297K [0x00000000e0000000, 0x00000000ea680000, 0x0000000100000000)
  eden space 137728K, 0% used [0x00000000e0000000,0x00000000e0000000,0x00000000e8680000)
  from space 13312K, 99% used [0x00000000e9580000,0x00000000ea27c610,0x00000000ea280000)
  to   space 15360K, 0% used [0x00000000e8680000,0x00000000e8680000,0x00000000e9580000)
 ParOldGen       total 173568K, used 20124K [0x00000000a0000000, 0x00000000aa980000, 0x00000000e0000000)
  object space 173568K, 11% used [0x00000000a0000000,0x00000000a13a73c8,0x00000000aa980000)
 Metaspace       used 50479K, capacity 51704K, committed 51968K, reserved 1093632K
  class space    used 6762K, capacity 7114K, committed 7168K, reserved 1048576K
}

Deoptimization events (10 events):
Event: 8.352 Thread 0x000000001aa0e000 Uncommon trap: reason=class_check action=maybe_recompile pc=0x00000000035ad590 method=org.gradle.internal.logging.text.AbstractLineChoppingStyledTextOutput$StateContext.flushLineText()V @ 110
Event: 8.364 Thread 0x000000001aa0e000 Uncommon trap: reason=class_check action=maybe_recompile pc=0x0000000003f6595c method=org.gradle.model.internal.type.ModelType.wrap(Ljava/lang/reflect/Type;)Lorg/gradle/model/internal/type/TypeWrapper; @ 33
Event: 8.364 Thread 0x000000001aa0e000 Uncommon trap: reason=class_check action=maybe_recompile pc=0x0000000003f65ae4 method=org.gradle.model.internal.type.ModelType.wrap(Ljava/lang/reflect/Type;)Lorg/gradle/model/internal/type/TypeWrapper; @ 83
Event: 8.365 Thread 0x000000001aa0e000 Uncommon trap: reason=class_check action=maybe_recompile pc=0x0000000003f6595c method=org.gradle.model.internal.type.ModelType.wrap(Ljava/lang/reflect/Type;)Lorg/gradle/model/internal/type/TypeWrapper; @ 33
Event: 8.365 Thread 0x000000001aa0e000 Uncommon trap: reason=class_check action=maybe_recompile pc=0x0000000003f65ae4 method=org.gradle.model.internal.type.ModelType.wrap(Ljava/lang/reflect/Type;)Lorg/gradle/model/internal/type/TypeWrapper; @ 83
Event: 8.444 Thread 0x000000001aa0e000 Uncommon trap: reason=unstable_if action=reinterpret pc=0x0000000003c2c400 method=java.lang.reflect.AccessibleObject.setAccessible0(Ljava/lang/reflect/AccessibleObject;Z)V @ 23
Event: 8.647 Thread 0x000000001aa0e000 Uncommon trap: reason=unstable_if action=reinterpret pc=0x0000000003d00354 method=java.lang.AbstractStringBuilder.append(I)Ljava/lang/AbstractStringBuilder; @ 16
Event: 8.647 Thread 0x000000001aa0e000 Uncommon trap: reason=unstable_if action=reinterpret pc=0x0000000003cb5ac4 method=java.lang.Integer.getChars(II[C)V @ 7
Event: 8.686 Thread 0x000000001aa0e000 Uncommon trap: reason=unstable_if action=reinterpret pc=0x0000000003c00978 method=groovy.lang.MetaClassImpl.checkIfStdMethod(Lgroovy/lang/MetaMethod;)V @ 55
Event: 8.686 Thread 0x000000001aa0e000 Uncommon trap: reason=unstable_if action=reinterpret pc=0x0000000003bb384c method=groovy.lang.MetaClassImpl.checkIfStdMethod(Lgroovy/lang/MetaMethod;)V @ 55

Classes redefined (0 events):
No events

Internal exceptions (10 events):
Event: 8.704 Thread 0x000000001aa0e000 Exception <a 'java/lang/ClassNotFoundException': org/codehaus/groovy/runtime/NullObjectBeanInfo> (0x00000000e5a6d198) thrown at [D:\src\AOSP-openjdk-cygwin\jdk8u\hotspot\src\share\vm\classfile\systemDictionary.cpp, line 210]
Event: 8.705 Thread 0x000000001aa0e000 Exception <a 'java/lang/ClassNotFoundException': org/codehaus/groovy/runtime/NullObjectCustomizer> (0x00000000e5a7f640) thrown at [D:\src\AOSP-openjdk-cygwin\jdk8u\hotspot\src\share\vm\classfile\systemDictionary.cpp, line 210]
Event: 8.711 Thread 0x000000001aa0e000 Exception <a 'java/lang/ClassNotFoundException': org/jetbrains/plugins/gradle/tooling/util/SourceSetCachedFinderBeanInfo> (0x00000000e5ae49d0) thrown at [D:\src\AOSP-openjdk-cygwin\jdk8u\hotspot\src\share\vm\classfile\systemDictionary.cpp, line 210]
Event: 8.711 Thread 0x000000001aa0e000 Exception <a 'java/lang/ClassNotFoundException': org/jetbrains/plugins/gradle/tooling/util/SourceSetCachedFinderCustomizer> (0x00000000e5af4f48) thrown at [D:\src\AOSP-openjdk-cygwin\jdk8u\hotspot\src\share\vm\classfile\systemDictionary.cpp, line 210]
Event: 8.713 Thread 0x000000001aa0e000 Exception <a 'java/lang/ClassNotFoundException': groovy/lang/GString$1BeanInfo> (0x00000000e5b340e0) thrown at [D:\src\AOSP-openjdk-cygwin\jdk8u\hotspot\src\share\vm\classfile\systemDictionary.cpp, line 210]
Event: 8.714 Thread 0x000000001aa0e000 Exception <a 'java/lang/ClassNotFoundException': groovy/lang/GStringBeanInfo> (0x00000000e5b41c80) thrown at [D:\src\AOSP-openjdk-cygwin\jdk8u\hotspot\src\share\vm\classfile\systemDictionary.cpp, line 210]
Event: 8.714 Thread 0x000000001aa0e000 Exception <a 'java/lang/ClassNotFoundException': groovy/lang/GStringCustomizer> (0x00000000e5b4f8f8) thrown at [D:\src\AOSP-openjdk-cygwin\jdk8u\hotspot\src\share\vm\classfile\systemDictionary.cpp, line 210]
Event: 8.715 Thread 0x000000001aa0e000 Exception <a 'java/lang/ClassNotFoundException': groovy/lang/GString$1Customizer> (0x00000000e5b68e98) thrown at [D:\src\AOSP-openjdk-cygwin\jdk8u\hotspot\src\share\vm\classfile\systemDictionary.cpp, line 210]
Event: 8.717 Thread 0x000000001aa0e000 Exception <a 'java/lang/ClassNotFoundException': org/codehaus/groovy/runtime/GStringImplBeanInfo> (0x00000000e5ba2558) thrown at [D:\src\AOSP-openjdk-cygwin\jdk8u\hotspot\src\share\vm\classfile\systemDictionary.cpp, line 210]
Event: 8.717 Thread 0x000000001aa0e000 Exception <a 'java/lang/ClassNotFoundException': org/codehaus/groovy/runtime/GStringImplCustomizer> (0x00000000e5bb3d38) thrown at [D:\src\AOSP-openjdk-cygwin\jdk8u\hotspot\src\share\vm\classfile\systemDictionary.cpp, line 210]

Events (10 events):
Event: 8.759 loading class org/gradle/api/internal/artifacts/result/DefaultResolvedVariantResult
Event: 8.759 loading class org/gradle/api/internal/artifacts/result/DefaultResolvedVariantResult done
Event: 8.763 Executing VM operation: RevokeBias
Event: 8.763 Executing VM operation: RevokeBias done
Event: 8.763 Executing VM operation: RevokeBias
Event: 8.763 Executing VM operation: RevokeBias done
Event: 8.763 Executing VM operation: RevokeBias
Event: 8.763 Executing VM operation: RevokeBias done
Event: 8.763 Executing VM operation: RevokeBias
Event: 8.763 Executing VM operation: RevokeBias done


Dynamic libraries:
0x00007ff7215b0000 - 0x00007ff7215e1000 	C:\Users\Abhishek\Desktop\android-studio\jre\bin\java.exe
0x00007ffef6c30000 - 0x00007ffef6e11000 	C:\WINDOWS\SYSTEM32\ntdll.dll
0x00007ffef6210000 - 0x00007ffef62c2000 	C:\WINDOWS\System32\KERNEL32.DLL
0x00007ffef3d40000 - 0x00007ffef3fb3000 	C:\WINDOWS\System32\KERNELBASE.dll
0x00007ffef68c0000 - 0x00007ffef6961000 	C:\WINDOWS\System32\ADVAPI32.dll
0x00007ffef69d0000 - 0x00007ffef6a6e000 	C:\WINDOWS\System32\msvcrt.dll
0x00007ffef6030000 - 0x00007ffef608b000 	C:\WINDOWS\System32\sechost.dll
0x00007ffef44d0000 - 0x00007ffef45f4000 	C:\WINDOWS\System32\RPCRT4.dll
0x00007ffef6a70000 - 0x00007ffef6c00000 	C:\WINDOWS\System32\USER32.dll
0x00007ffef3ba0000 - 0x00007ffef3bc0000 	C:\WINDOWS\System32\win32u.dll
0x00007ffef49d0000 - 0x00007ffef49f8000 	C:\WINDOWS\System32\GDI32.dll
0x00007ffef3000000 - 0x00007ffef3192000 	C:\WINDOWS\System32\gdi32full.dll
0x00007ffef33f0000 - 0x00007ffef348f000 	C:\WINDOWS\System32\msvcp_win.dll
0x00007ffef3fc0000 - 0x00007ffef40ba000 	C:\WINDOWS\System32\ucrtbase.dll
0x00007ffee4a50000 - 0x00007ffee4cb9000 	C:\WINDOWS\WinSxS\amd64_microsoft.windows.common-controls_6595b64144ccf1df_6.0.17134.345_none_fb429a5930656358\COMCTL32.dll
0x00007ffef40c0000 - 0x00007ffef43e3000 	C:\WINDOWS\System32\combase.dll
0x00007ffef3cc0000 - 0x00007ffef3d3a000 	C:\WINDOWS\System32\bcryptPrimitives.dll
0x00007ffef4ac0000 - 0x00007ffef4aed000 	C:\WINDOWS\System32\IMM32.DLL
0x00000000659b0000 - 0x0000000065a82000 	C:\Users\Abhishek\Desktop\android-studio\jre\jre\bin\msvcr100.dll
0x0000000065cf0000 - 0x0000000066531000 	C:\Users\Abhishek\Desktop\android-studio\jre\jre\bin\server\jvm.dll
0x00007ffef5fa0000 - 0x00007ffef5fa8000 	C:\WINDOWS\System32\PSAPI.DLL
0x00007ffeea5f0000 - 0x00007ffeea5f9000 	C:\WINDOWS\SYSTEM32\WSOCK32.dll
0x00007ffee8180000 - 0x00007ffee818a000 	C:\WINDOWS\SYSTEM32\VERSION.dll
0x00007ffeecae0000 - 0x00007ffeecb03000 	C:\WINDOWS\SYSTEM32\WINMM.dll
0x00007ffef5f30000 - 0x00007ffef5f9c000 	C:\WINDOWS\System32\WS2_32.dll
0x00007ffeecab0000 - 0x00007ffeecada000 	C:\WINDOWS\SYSTEM32\WINMMBASE.dll
0x00007ffef3bc0000 - 0x00007ffef3c09000 	C:\WINDOWS\System32\cfgmgr32.dll
0x00007ffee8b70000 - 0x00007ffee8b7f000 	C:\Users\Abhishek\Desktop\android-studio\jre\jre\bin\verify.dll
0x00007ffee6fb0000 - 0x00007ffee6fd9000 	C:\Users\Abhishek\Desktop\android-studio\jre\jre\bin\java.dll
0x00007ffee7fa0000 - 0x00007ffee7fb6000 	C:\Users\Abhishek\Desktop\android-studio\jre\jre\bin\zip.dll
0x00007ffef4af0000 - 0x00007ffef5f2f000 	C:\WINDOWS\System32\SHELL32.dll
0x00007ffef62d0000 - 0x00007ffef6379000 	C:\WINDOWS\System32\shcore.dll
0x00007ffef3490000 - 0x00007ffef3b9d000 	C:\WINDOWS\System32\windows.storage.dll
0x00007ffef6970000 - 0x00007ffef69c1000 	C:\WINDOWS\System32\shlwapi.dll
0x00007ffef2fe0000 - 0x00007ffef2ff1000 	C:\WINDOWS\System32\kernel.appcore.dll
0x00007ffef2f40000 - 0x00007ffef2f5f000 	C:\WINDOWS\System32\profapi.dll
0x00007ffef2f70000 - 0x00007ffef2fbc000 	C:\WINDOWS\System32\powrprof.dll
0x00007ffef2f60000 - 0x00007ffef2f6a000 	C:\WINDOWS\System32\FLTLIB.DLL
0x00007ffee7f40000 - 0x00007ffee7f5a000 	C:\Users\Abhishek\Desktop\android-studio\jre\jre\bin\net.dll
0x00007ffef27c0000 - 0x00007ffef2826000 	C:\WINDOWS\system32\mswsock.dll
0x00007ffee7e40000 - 0x00007ffee7e51000 	C:\Users\Abhishek\Desktop\android-studio\jre\jre\bin\nio.dll
0x00007ffee8a90000 - 0x00007ffee8aae000 	C:\Users\Abhishek\.gradle\native\25\windows-amd64\native-platform.dll
0x00007ffee6fa0000 - 0x00007ffee6fad000 	C:\Users\Abhishek\Desktop\android-studio\jre\jre\bin\management.dll
0x00007ffef2970000 - 0x00007ffef2987000 	C:\WINDOWS\SYSTEM32\CRYPTSP.dll
0x00007ffef23a0000 - 0x00007ffef23d3000 	C:\WINDOWS\system32\rsaenh.dll
0x00007ffef2aa0000 - 0x00007ffef2ac5000 	C:\WINDOWS\SYSTEM32\bcrypt.dll
0x00007ffef2e70000 - 0x00007ffef2e98000 	C:\WINDOWS\SYSTEM32\USERENV.dll
0x00007ffef2990000 - 0x00007ffef299b000 	C:\WINDOWS\SYSTEM32\CRYPTBASE.dll
0x00007ffef2540000 - 0x00007ffef2578000 	C:\WINDOWS\SYSTEM32\IPHLPAPI.DLL
0x00007ffef6010000 - 0x00007ffef6018000 	C:\WINDOWS\System32\NSI.dll
0x00007ffeea1b0000 - 0x00007ffeea1c6000 	C:\WINDOWS\SYSTEM32\dhcpcsvc6.DLL
0x00007ffeea150000 - 0x00007ffeea16a000 	C:\WINDOWS\SYSTEM32\dhcpcsvc.DLL

VM Arguments:
jvm_args: -Xmx1536m -Dfile.encoding=windows-1252 -Duser.country=US -Duser.language=en -Duser.variant 
java_command: org.gradle.launcher.daemon.bootstrap.GradleDaemon 4.4
java_class_path (initial): C:\Users\Abhishek\.gradle\wrapper\dists\gradle-4.4-all\9br9xq1tocpiv8o6njlyu5op1\gradle-4.4\lib\gradle-launcher-4.4.jar
Launcher Type: SUN_STANDARD

Environment Variables:
PATH=C:\Program Files\Java\jre7\bin;C:\Windows\system32;C:\Windows;C:\Windows\System32\Wbem;C:\Windows\System32\WindowsPowerShell\v1.0\;C:\Program Files (x86)\NVIDIA Corporation\PhysX\Common;C:\WINDOWS\system32;C:\WINDOWS;C:\WINDOWS\System32\Wbem;C:\WINDOWS\System32\WindowsPowerShell\v1.0\;C:\Program Files\Git\cmd;F:\Program Files (x86)\Brackets\command;C:\WINDOWS\System32\OpenSSH\;C:\flutter\bin;C:\Users\Abhishek\AppData\Local\Microsoft\WindowsApps;C:\Program Files\Java\jre7\bin;C:\Users\Abhishek\AppData\Local\Programs\Microsoft VS Code\bin;C:\Users\Abhishek\AppData\Local\atom\bin;C:\Users\Abhishek\AppData\Local\Android\Sdk\platform-tools;C:\Users\Abhishek\AppData\Local\Microsoft\WindowsApps;C:\flutter\bin;
USERNAME=Abhishek
OS=Windows_NT
PROCESSOR_IDENTIFIER=Intel64 Family 6 Model 158 Stepping 9, GenuineIntel



---------------  S Y S T E M  ---------------

OS: Windows 10.0 , 64 bit Build 17134 (10.0.17134.1)

CPU:total 8 (initial active 8) (4 cores per cpu, 2 threads per core) family 6 model 158 stepping 9, cmov, cx8, fxsr, mmx, sse, sse2, sse3, ssse3, sse4.1, sse4.2, popcnt, avx, avx2, aes, clmul, erms, 3dnowpref, lzcnt, ht, tsc, tscinvbit, bmi1, bmi2, adx

Memory: 4k page, physical 16658020k(7308796k free), swap 32141280k(5804k free)

vm_info: OpenJDK 64-Bit Server VM (25.152-b01) for windows-amd64 JRE (1.8.0_152-release-1248-b01), built by "builder" with MS VC++ 10.0 (VS2010)

time: Tue Oct 30 01:12:03 2018
elapsed time: 8 seconds (0d 0h 0m 8s)

